<?xml version="1.0" encoding="UTF-8"?>
<testng-results ignored="0" total="1" passed="1" failed="0" skipped="0">
  <reporter-output>
  </reporter-output>
  <suite started-at="2024-03-21T10:15:55 IST" name="Default suite" finished-at="2024-03-21T10:16:05 IST" duration-ms="9972">
    <groups>
    </groups>
    <test started-at="2024-03-21T10:15:55 IST" name="Default test" finished-at="2024-03-21T10:16:05 IST" duration-ms="9972">
      <class name="tests.TestCase26">
        <test-method is-config="true" signature="browserinitilization()[pri:0, instance:tests.TestCase26@65fb9ffc]" started-at="2024-03-21T10:15:55 IST" name="browserinitilization" finished-at="2024-03-21T10:16:04 IST" duration-ms="9656" status="PASS">
          <reporter-output>
          </reporter-output>
        </test-method> <!-- browserinitilization -->
        <test-method signature="withoutusingarrow()[pri:0, instance:tests.TestCase26@65fb9ffc]" started-at="2024-03-21T10:16:04 IST" name="withoutusingarrow" finished-at="2024-03-21T10:16:05 IST" duration-ms="255" status="PASS">
          <reporter-output>
          </reporter-output>
        </test-method> <!-- withoutusingarrow -->
      </class> <!-- tests.TestCase26 -->
    </test> <!-- Default test -->
  </suite> <!-- Default suite -->
</testng-results>
